2023-12-20 12:12:623 INFO  BuyPages :48 - Mouse hoover Buy +Sell[[ChromeDriver: chrome on windows (95e98850e1ee9ec9939c08c2cd1f5397)] -> xpath: //a[normalize-space()='buy + sell']]
2023-12-20 19:12:670 INFO  BuyPages :48 - Mouse hoover Buy +Sell[[ChromeDriver: chrome on windows (e6ded69c386d9c5ce604c7d1ff681889)] -> xpath: //a[normalize-space()='buy + sell']]
2023-12-21 11:12:310 INFO  BuyPages :48 - Mouse hoover Buy +Sell[[ChromeDriver: chrome on windows (bcc4565024538a309f734a5f9469bb1a)] -> xpath: //a[normalize-space()='buy + sell']]
2023-12-21 12:12:227 INFO  BuyPages :48 - Mouse hoover Buy +Sell[[ChromeDriver: chrome on windows (6850e43d36986b33007c74d7e65f38e0)] -> xpath: //a[normalize-space()='buy + sell']]
2023-12-21 12:12:533 INFO  BuyPages :48 - Mouse hoover Buy +Sell[[ChromeDriver: chrome on windows (8ac7e5363d32c8e372ba2c7d08091c2c)] -> xpath: //a[normalize-space()='buy + sell']]
2023-12-21 12:12:100 INFO  BuyPages :48 - Mouse hoover Buy +Sell[[ChromeDriver: chrome on windows (50ea8e474a94c54f7a1357c7397bc55d)] -> xpath: //a[normalize-space()='buy + sell']]
2023-12-21 12:12:842 INFO  BuyPages :48 - Mouse hoover Buy +Sell[[ChromeDriver: chrome on windows (b2447f5e425d4bfe2878ffc1733decb1)] -> xpath: //a[normalize-space()='buy + sell']]
2023-12-21 12:12:717 INFO  BuyPages :48 - Mouse hoover Buy +Sell[[ChromeDriver: chrome on windows (d7701357f98dd7e753708caa752ca491)] -> xpath: //a[normalize-space()='buy + sell']]
2023-12-21 12:12:285 INFO  BuyPages :48 - Mouse hoover Buy +Sell[[ChromeDriver: chrome on windows (8eed5901ae7859894f3751f10b2575de)] -> xpath: //a[normalize-space()='buy + sell']]
2023-12-21 12:12:945 INFO  BuyPages :55 - Search car [[ChromeDriver: chrome on windows (8eed5901ae7859894f3751f10b2575de)] -> xpath: //a[contains(text(),'Search Cars')]]
2023-12-21 12:12:938 INFO  BuyPages :48 - Mouse hoover Buy +Sell[[ChromeDriver: chrome on windows (d6773794544aabdd54879b1ad3e4d79a)] -> xpath: //a[normalize-space()='buy + sell']]
2023-12-21 12:12:451 INFO  BuyPages :55 - Search car [[ChromeDriver: chrome on windows (d6773794544aabdd54879b1ad3e4d79a)] -> xpath: //a[contains(text(),'Search Cars')]]
2023-12-21 12:12:737 INFO  BuyPages :48 - Mouse hoover Buy +Sell[[ChromeDriver: chrome on windows (5bbdfc356ad175f9ff68fb9e712d849e)] -> xpath: //a[normalize-space()='buy + sell']]
2023-12-21 12:12:991 INFO  BuyPages :55 - Search car [[ChromeDriver: chrome on windows (5bbdfc356ad175f9ff68fb9e712d849e)] -> xpath: //a[contains(text(),'Search Cars')]]
2023-12-21 12:12:573 INFO  BuyPages :48 - Mouse hoover Buy +Sell[[ChromeDriver: chrome on windows (12646674bcd94e3bc2da198c21afde06)] -> xpath: //a[normalize-space()='buy + sell']]
2023-12-21 12:12:918 INFO  BuyPages :55 - Search car [[ChromeDriver: chrome on windows (12646674bcd94e3bc2da198c21afde06)] -> xpath: //a[contains(text(),'Search Cars')]]
2023-12-21 12:12:182 INFO  BuyPages :61 - New And Used Car[[ChromeDriver: chrome on windows (12646674bcd94e3bc2da198c21afde06)] -> css selector: body.html.not-front.not-logged-in.no-sidebars.page-buy-a-car.page-buy-a-car-new-and-used-car-search.cars-for-sale.submenu-active:nth-child(2) div.content-detail.clearfix:nth-child(15) div.region.region-content:nth-child(1) div.block.block-system:nth-child(1) div.content div.cars-for-sale-form-wrapper.buy-a-car-form-wrapper div.panel.panel-car-for-sale-form div.panel-body.container form.form-inline div.search-type:nth-child(2) > label.search-type-all.active]
2023-12-21 12:12:273 INFO  BuyPages :66 - select Make [[ChromeDriver: chrome on windows (12646674bcd94e3bc2da198c21afde06)] -> id: makes]
2023-12-21 12:12:01 INFO  BuyPages :71 - select Model [[ChromeDriver: chrome on windows (12646674bcd94e3bc2da198c21afde06)] -> id: models]
2023-12-21 12:12:813 INFO  BuyPages :76 - select Location [[ChromeDriver: chrome on windows (12646674bcd94e3bc2da198c21afde06)] -> id: locations]
2023-12-21 12:12:735 INFO  BuyPages :48 - Mouse hoover Buy +Sell[[ChromeDriver: chrome on windows (314c37967c20f4e10586da9465fcdca9)] -> xpath: //a[normalize-space()='buy + sell']]
2023-12-21 12:12:83 INFO  BuyPages :55 - Search car [[ChromeDriver: chrome on windows (314c37967c20f4e10586da9465fcdca9)] -> xpath: //a[contains(text(),'Search Cars')]]
2023-12-21 12:12:671 INFO  BuyPages :61 - New And Used Car[[ChromeDriver: chrome on windows (314c37967c20f4e10586da9465fcdca9)] -> css selector: body.html.not-front.not-logged-in.no-sidebars.page-buy-a-car.page-buy-a-car-new-and-used-car-search.cars-for-sale.submenu-active:nth-child(2) div.content-detail.clearfix:nth-child(15) div.region.region-content:nth-child(1) div.block.block-system:nth-child(1) div.content div.cars-for-sale-form-wrapper.buy-a-car-form-wrapper div.panel.panel-car-for-sale-form div.panel-body.container form.form-inline div.search-type:nth-child(2) > label.search-type-all.active]
2023-12-21 12:12:743 INFO  BuyPages :66 - select Make [[ChromeDriver: chrome on windows (314c37967c20f4e10586da9465fcdca9)] -> id: makes]
2023-12-21 12:12:440 INFO  BuyPages :71 - select Model [[ChromeDriver: chrome on windows (314c37967c20f4e10586da9465fcdca9)] -> id: models]
2023-12-21 12:12:637 INFO  BuyPages :76 - select Location [[ChromeDriver: chrome on windows (314c37967c20f4e10586da9465fcdca9)] -> id: locations]
2023-12-21 13:12:07 INFO  BuyPages :48 - Mouse hoover Buy +Sell[[ChromeDriver: chrome on windows (f26e70d4ec62288782aefb484a04fa34)] -> xpath: //a[normalize-space()='buy + sell']]
2023-12-21 13:12:566 INFO  BuyPages :55 - Search car [[ChromeDriver: chrome on windows (f26e70d4ec62288782aefb484a04fa34)] -> xpath: //a[contains(text(),'Search Cars')]]
2023-12-21 13:12:145 INFO  BuyPages :61 - New And Used Car[[ChromeDriver: chrome on windows (f26e70d4ec62288782aefb484a04fa34)] -> css selector: body.html.not-front.not-logged-in.no-sidebars.page-buy-a-car.page-buy-a-car-new-and-used-car-search.cars-for-sale.submenu-active:nth-child(2) div.content-detail.clearfix:nth-child(15) div.region.region-content:nth-child(1) div.block.block-system:nth-child(1) div.content div.cars-for-sale-form-wrapper.buy-a-car-form-wrapper div.panel.panel-car-for-sale-form div.panel-body.container form.form-inline div.search-type:nth-child(2) > label.search-type-all.active]
2023-12-21 13:12:240 INFO  BuyPages :66 - select Make [[ChromeDriver: chrome on windows (f26e70d4ec62288782aefb484a04fa34)] -> id: makes]
2023-12-21 13:12:542 INFO  BuyPages :71 - select Model [[ChromeDriver: chrome on windows (f26e70d4ec62288782aefb484a04fa34)] -> id: models]
2023-12-21 13:12:314 INFO  BuyPages :76 - select Location [[ChromeDriver: chrome on windows (f26e70d4ec62288782aefb484a04fa34)] -> id: locations]
2023-12-21 13:12:181 INFO  BuyPages :48 - Mouse hoover Buy +Sell[[ChromeDriver: chrome on windows (d2174fff8acf200dfda02d9407adfc65)] -> xpath: //a[normalize-space()='buy + sell']]
2023-12-21 13:12:430 INFO  BuyPages :55 - Search car [[ChromeDriver: chrome on windows (d2174fff8acf200dfda02d9407adfc65)] -> xpath: //a[contains(text(),'Search Cars')]]
2023-12-21 13:12:219 INFO  BuyPages :61 - New And Used Car[[ChromeDriver: chrome on windows (d2174fff8acf200dfda02d9407adfc65)] -> css selector: body.html.not-front.not-logged-in.no-sidebars.page-buy-a-car.page-buy-a-car-new-and-used-car-search.cars-for-sale.submenu-active:nth-child(2) div.content-detail.clearfix:nth-child(15) div.region.region-content:nth-child(1) div.block.block-system:nth-child(1) div.content div.cars-for-sale-form-wrapper.buy-a-car-form-wrapper div.panel.panel-car-for-sale-form div.panel-body.container form.form-inline div.search-type:nth-child(2) > label.search-type-all.active]
2023-12-21 13:12:293 INFO  BuyPages :66 - select Make [[ChromeDriver: chrome on windows (d2174fff8acf200dfda02d9407adfc65)] -> id: makes]
2023-12-21 13:12:624 INFO  BuyPages :71 - select Model [[ChromeDriver: chrome on windows (d2174fff8acf200dfda02d9407adfc65)] -> id: models]
2023-12-21 13:12:790 INFO  BuyPages :76 - select Location [[ChromeDriver: chrome on windows (d2174fff8acf200dfda02d9407adfc65)] -> id: locations]
2023-12-21 13:12:133 INFO  BuyPages :48 - Mouse hoover Buy +Sell[[ChromeDriver: chrome on windows (7c617f784a52733ab2d71b181e02c61c)] -> xpath: //a[normalize-space()='buy + sell']]
2023-12-21 13:12:576 INFO  BuyPages :55 - Search car [[ChromeDriver: chrome on windows (7c617f784a52733ab2d71b181e02c61c)] -> xpath: //a[contains(text(),'Search Cars')]]
2023-12-21 13:12:903 INFO  BuyPages :61 - New And Used Car[[ChromeDriver: chrome on windows (7c617f784a52733ab2d71b181e02c61c)] -> css selector: body.html.not-front.not-logged-in.no-sidebars.page-buy-a-car.page-buy-a-car-new-and-used-car-search.cars-for-sale.submenu-active:nth-child(2) div.content-detail.clearfix:nth-child(15) div.region.region-content:nth-child(1) div.block.block-system:nth-child(1) div.content div.cars-for-sale-form-wrapper.buy-a-car-form-wrapper div.panel.panel-car-for-sale-form div.panel-body.container form.form-inline div.search-type:nth-child(2) > label.search-type-all.active]
2023-12-21 13:12:979 INFO  BuyPages :66 - select Make [[ChromeDriver: chrome on windows (7c617f784a52733ab2d71b181e02c61c)] -> id: makes]
2023-12-21 13:12:194 INFO  BuyPages :71 - select Model [[ChromeDriver: chrome on windows (7c617f784a52733ab2d71b181e02c61c)] -> id: models]
2023-12-21 13:12:378 INFO  BuyPages :76 - select Location [[ChromeDriver: chrome on windows (7c617f784a52733ab2d71b181e02c61c)] -> css selector: #locations]
2023-12-21 13:12:264 INFO  BuyPages :48 - Mouse hoover Buy +Sell[[ChromeDriver: chrome on windows (06a829a7142d1b4c826ca433aff43fbb)] -> xpath: //a[normalize-space()='buy + sell']]
2023-12-21 13:12:165 INFO  BuyPages :55 - Search car [[ChromeDriver: chrome on windows (06a829a7142d1b4c826ca433aff43fbb)] -> xpath: //a[contains(text(),'Search Cars')]]
2023-12-21 13:12:589 INFO  BuyPages :61 - New And Used Car[[ChromeDriver: chrome on windows (06a829a7142d1b4c826ca433aff43fbb)] -> css selector: body.html.not-front.not-logged-in.no-sidebars.page-buy-a-car.page-buy-a-car-new-and-used-car-search.cars-for-sale.submenu-active:nth-child(2) div.content-detail.clearfix:nth-child(15) div.region.region-content:nth-child(1) div.block.block-system:nth-child(1) div.content div.cars-for-sale-form-wrapper.buy-a-car-form-wrapper div.panel.panel-car-for-sale-form div.panel-body.container form.form-inline div.search-type:nth-child(2) > label.search-type-all.active]
2023-12-21 13:12:667 INFO  BuyPages :66 - select Make [[ChromeDriver: chrome on windows (06a829a7142d1b4c826ca433aff43fbb)] -> id: makes]
2023-12-21 13:12:762 INFO  BuyPages :71 - select Model [[ChromeDriver: chrome on windows (06a829a7142d1b4c826ca433aff43fbb)] -> id: models]
2023-12-21 13:12:920 INFO  BuyPages :76 - select Location [[ChromeDriver: chrome on windows (06a829a7142d1b4c826ca433aff43fbb)] -> css selector: #locations]
2023-12-21 13:12:483 INFO  BuyPages :48 - Mouse hoover Buy +Sell[[ChromeDriver: chrome on windows (79c562a21cde745f7db84f9006862a1f)] -> xpath: //a[normalize-space()='buy + sell']]
2023-12-21 13:12:902 INFO  BuyPages :55 - Search car [[ChromeDriver: chrome on windows (79c562a21cde745f7db84f9006862a1f)] -> xpath: //a[contains(text(),'Search Cars')]]
2023-12-21 13:12:264 INFO  BuyPages :61 - New And Used Car[[ChromeDriver: chrome on windows (79c562a21cde745f7db84f9006862a1f)] -> css selector: body.html.not-front.not-logged-in.no-sidebars.page-buy-a-car.page-buy-a-car-new-and-used-car-search.cars-for-sale.submenu-active:nth-child(2) div.content-detail.clearfix:nth-child(15) div.region.region-content:nth-child(1) div.block.block-system:nth-child(1) div.content div.cars-for-sale-form-wrapper.buy-a-car-form-wrapper div.panel.panel-car-for-sale-form div.panel-body.container form.form-inline div.search-type:nth-child(2) > label.search-type-all.active]
2023-12-21 13:12:475 INFO  BuyPages :66 - select Make [[ChromeDriver: chrome on windows (79c562a21cde745f7db84f9006862a1f)] -> id: makes]
2023-12-21 13:12:421 INFO  BuyPages :71 - select Model [[ChromeDriver: chrome on windows (79c562a21cde745f7db84f9006862a1f)] -> id: models]
2023-12-21 13:12:912 INFO  BuyPages :76 - select Location [[ChromeDriver: chrome on windows (79c562a21cde745f7db84f9006862a1f)] -> xpath: /html[1]/body[1]/div[6]/div[1]/div[1]/div[1]/div[1]/div[1]/div[1]/div[1]/form[1]/div[5]/select[1]]
2023-12-21 13:12:720 INFO  BuyPages :48 - Mouse hoover Buy +Sell[[ChromeDriver: chrome on windows (673d3b7e90bf96997d2df7ce1172e041)] -> xpath: //a[normalize-space()='buy + sell']]
2023-12-21 13:12:434 INFO  BuyPages :55 - Search car [[ChromeDriver: chrome on windows (673d3b7e90bf96997d2df7ce1172e041)] -> xpath: //a[contains(text(),'Search Cars')]]
2023-12-21 13:12:956 INFO  BuyPages :61 - New And Used Car[[ChromeDriver: chrome on windows (673d3b7e90bf96997d2df7ce1172e041)] -> css selector: body.html.not-front.not-logged-in.no-sidebars.page-buy-a-car.page-buy-a-car-new-and-used-car-search.cars-for-sale.submenu-active:nth-child(2) div.content-detail.clearfix:nth-child(15) div.region.region-content:nth-child(1) div.block.block-system:nth-child(1) div.content div.cars-for-sale-form-wrapper.buy-a-car-form-wrapper div.panel.panel-car-for-sale-form div.panel-body.container form.form-inline div.search-type:nth-child(2) > label.search-type-all.active]
2023-12-21 13:12:177 INFO  BuyPages :66 - select Make [[ChromeDriver: chrome on windows (673d3b7e90bf96997d2df7ce1172e041)] -> id: makes]
2023-12-21 13:12:772 INFO  BuyPages :71 - select Model [[ChromeDriver: chrome on windows (673d3b7e90bf96997d2df7ce1172e041)] -> id: models]
2023-12-21 13:12:766 INFO  BuyPages :82 - select Price[[ChromeDriver: chrome on windows (673d3b7e90bf96997d2df7ce1172e041)] -> xpath: /html[1]/body[1]/div[6]/div[1]/div[1]/div[1]/div[1]/div[1]/div[1]/div[1]/form[1]/div[6]/select[1]]
2023-12-21 14:12:132 INFO  BuyPages :48 - Mouse hoover Buy +Sell[[ChromeDriver: chrome on windows (29efaf232674f11bc341d691871c0b98)] -> xpath: //a[normalize-space()='buy + sell']]
2023-12-21 14:12:430 INFO  BuyPages :55 - Search car [[ChromeDriver: chrome on windows (29efaf232674f11bc341d691871c0b98)] -> xpath: //a[contains(text(),'Search Cars')]]
2023-12-21 14:12:364 INFO  BuyPages :61 - New And Used Car[[ChromeDriver: chrome on windows (29efaf232674f11bc341d691871c0b98)] -> css selector: body.html.not-front.not-logged-in.no-sidebars.page-buy-a-car.page-buy-a-car-new-and-used-car-search.cars-for-sale.submenu-active:nth-child(2) div.content-detail.clearfix:nth-child(15) div.region.region-content:nth-child(1) div.block.block-system:nth-child(1) div.content div.cars-for-sale-form-wrapper.buy-a-car-form-wrapper div.panel.panel-car-for-sale-form div.panel-body.container form.form-inline div.search-type:nth-child(2) > label.search-type-all.active]
2023-12-21 14:12:437 INFO  BuyPages :66 - select Make [[ChromeDriver: chrome on windows (29efaf232674f11bc341d691871c0b98)] -> id: makes]
2023-12-21 14:12:430 INFO  BuyPages :71 - select Model [[ChromeDriver: chrome on windows (29efaf232674f11bc341d691871c0b98)] -> id: models]
2023-12-21 14:12:677 INFO  BuyPages :82 - select Price[[ChromeDriver: chrome on windows (29efaf232674f11bc341d691871c0b98)] -> xpath: /html[1]/body[1]/div[6]/div[1]/div[1]/div[1]/div[1]/div[1]/div[1]/div[1]/form[1]/div[6]/select[1]]
2023-12-21 14:12:378 INFO  BuyPages :85 - Find my next car[[ChromeDriver: chrome on windows (29efaf232674f11bc341d691871c0b98)] -> xpath: /html[1]/body[1]/div[6]/div[1]/div[1]/div[1]/div[1]/div[1]/div[1]/div[1]/form[1]/div[6]/select[1]]
2023-12-21 14:12:32 INFO  BuyPages :48 - Mouse hoover Buy +Sell[[ChromeDriver: chrome on windows (74dd686f0a48f1a27049ecd662416648)] -> xpath: //a[normalize-space()='buy + sell']]
2023-12-21 14:12:897 INFO  BuyPages :55 - Search car [[ChromeDriver: chrome on windows (74dd686f0a48f1a27049ecd662416648)] -> xpath: //a[contains(text(),'Search Cars')]]
2023-12-21 14:12:153 INFO  BuyPages :61 - New And Used Car[[ChromeDriver: chrome on windows (74dd686f0a48f1a27049ecd662416648)] -> css selector: body.html.not-front.not-logged-in.no-sidebars.page-buy-a-car.page-buy-a-car-new-and-used-car-search.cars-for-sale.submenu-active:nth-child(2) div.content-detail.clearfix:nth-child(15) div.region.region-content:nth-child(1) div.block.block-system:nth-child(1) div.content div.cars-for-sale-form-wrapper.buy-a-car-form-wrapper div.panel.panel-car-for-sale-form div.panel-body.container form.form-inline div.search-type:nth-child(2) > label.search-type-all.active]
2023-12-21 14:12:360 INFO  BuyPages :66 - select Make [[ChromeDriver: chrome on windows (74dd686f0a48f1a27049ecd662416648)] -> id: makes]
2023-12-21 14:12:370 INFO  BuyPages :71 - select Model [[ChromeDriver: chrome on windows (74dd686f0a48f1a27049ecd662416648)] -> id: models]
2023-12-21 14:12:193 INFO  BuyPages :82 - select Price[[ChromeDriver: chrome on windows (74dd686f0a48f1a27049ecd662416648)] -> xpath: /html[1]/body[1]/div[6]/div[1]/div[1]/div[1]/div[1]/div[1]/div[1]/div[1]/form[1]/div[6]/select[1]]
2023-12-21 14:12:241 INFO  BuyPages :85 - Find my next car[[ChromeDriver: chrome on windows (74dd686f0a48f1a27049ecd662416648)] -> xpath: /html[1]/body[1]/div[6]/div[1]/div[1]/div[1]/div[1]/div[1]/div[1]/div[1]/form[1]/div[6]/select[1]]
2023-12-21 14:12:389 INFO  BuyPages :90 - Verify the Make [[ChromeDriver: chrome on windows (74dd686f0a48f1a27049ecd662416648)] -> xpath: /html[1]/body[1]/div[2]/div[1]/div[1]/div[1]/div[1]/div[1]/div[3]/section[1]/div[2]/div[1]/div[1]/div[2]/section[1]/a[1]/div[1]/div[2]/div[1]]
2023-12-21 14:12:183 INFO  BuyPages :48 - Mouse hoover Buy +Sell[[ChromeDriver: chrome on windows (adf98ceeb4f5041c6c973fd3ae6a3662)] -> xpath: //a[normalize-space()='buy + sell']]
2023-12-21 14:12:878 INFO  BuyPages :55 - Search car [[ChromeDriver: chrome on windows (adf98ceeb4f5041c6c973fd3ae6a3662)] -> xpath: //a[contains(text(),'Search Cars')]]
2023-12-21 14:12:451 INFO  BuyPages :61 - New And Used Car[[ChromeDriver: chrome on windows (adf98ceeb4f5041c6c973fd3ae6a3662)] -> css selector: body.html.not-front.not-logged-in.no-sidebars.page-buy-a-car.page-buy-a-car-new-and-used-car-search.cars-for-sale.submenu-active:nth-child(2) div.content-detail.clearfix:nth-child(15) div.region.region-content:nth-child(1) div.block.block-system:nth-child(1) div.content div.cars-for-sale-form-wrapper.buy-a-car-form-wrapper div.panel.panel-car-for-sale-form div.panel-body.container form.form-inline div.search-type:nth-child(2) > label.search-type-all.active]
2023-12-21 14:12:658 INFO  BuyPages :66 - select Make [[ChromeDriver: chrome on windows (adf98ceeb4f5041c6c973fd3ae6a3662)] -> id: makes]
2023-12-21 14:12:214 INFO  BuyPages :71 - select Model [[ChromeDriver: chrome on windows (adf98ceeb4f5041c6c973fd3ae6a3662)] -> id: models]
2023-12-21 14:12:154 INFO  BuyPages :82 - select Price[[ChromeDriver: chrome on windows (adf98ceeb4f5041c6c973fd3ae6a3662)] -> xpath: /html[1]/body[1]/div[6]/div[1]/div[1]/div[1]/div[1]/div[1]/div[1]/div[1]/form[1]/div[6]/select[1]]
2023-12-21 14:12:214 INFO  BuyPages :85 - Find my next car[[ChromeDriver: chrome on windows (adf98ceeb4f5041c6c973fd3ae6a3662)] -> xpath: /html[1]/body[1]/div[6]/div[1]/div[1]/div[1]/div[1]/div[1]/div[1]/div[1]/form[1]/div[6]/select[1]]
2023-12-21 14:12:970 INFO  BuyPages :90 - Verify the Make [[ChromeDriver: chrome on windows (adf98ceeb4f5041c6c973fd3ae6a3662)] -> xpath: //h3[normalize-space()='Make']]
2023-12-21 14:12:27 INFO  BuyPages :48 - Mouse hoover Buy +Sell[[ChromeDriver: chrome on windows (8b81a8c72df1a5148f2eadd60aa7baf7)] -> xpath: //a[normalize-space()='buy + sell']]
2023-12-21 14:12:313 INFO  BuyPages :55 - Search car [[ChromeDriver: chrome on windows (8b81a8c72df1a5148f2eadd60aa7baf7)] -> xpath: //a[contains(text(),'Search Cars')]]
2023-12-21 14:12:849 INFO  BuyPages :61 - New And Used Car[[ChromeDriver: chrome on windows (8b81a8c72df1a5148f2eadd60aa7baf7)] -> css selector: body.html.not-front.not-logged-in.no-sidebars.page-buy-a-car.page-buy-a-car-new-and-used-car-search.cars-for-sale.submenu-active:nth-child(2) div.content-detail.clearfix:nth-child(15) div.region.region-content:nth-child(1) div.block.block-system:nth-child(1) div.content div.cars-for-sale-form-wrapper.buy-a-car-form-wrapper div.panel.panel-car-for-sale-form div.panel-body.container form.form-inline div.search-type:nth-child(2) > label.search-type-all.active]
2023-12-21 14:12:991 INFO  BuyPages :66 - select Make [[ChromeDriver: chrome on windows (8b81a8c72df1a5148f2eadd60aa7baf7)] -> id: makes]
2023-12-21 14:12:394 INFO  BuyPages :71 - select Model [[ChromeDriver: chrome on windows (8b81a8c72df1a5148f2eadd60aa7baf7)] -> id: models]
2023-12-21 14:12:660 INFO  BuyPages :76 - select Location [[ChromeDriver: chrome on windows (8b81a8c72df1a5148f2eadd60aa7baf7)] -> id: locations]
2023-12-21 15:12:481 INFO  BuyPages :48 - Mouse hoover Buy +Sell[[ChromeDriver: chrome on windows (b1cd5a33cfbe661299734f221c2f690a)] -> xpath: //a[normalize-space()='buy + sell']]
2023-12-21 15:12:62 INFO  BuyPages :55 - Search car [[ChromeDriver: chrome on windows (b1cd5a33cfbe661299734f221c2f690a)] -> xpath: //a[contains(text(),'Search Cars')]]
2023-12-21 15:12:911 INFO  BuyPages :61 - New And Used Car[[ChromeDriver: chrome on windows (b1cd5a33cfbe661299734f221c2f690a)] -> css selector: body.html.not-front.not-logged-in.no-sidebars.page-buy-a-car.page-buy-a-car-new-and-used-car-search.cars-for-sale.submenu-active:nth-child(2) div.content-detail.clearfix:nth-child(15) div.region.region-content:nth-child(1) div.block.block-system:nth-child(1) div.content div.cars-for-sale-form-wrapper.buy-a-car-form-wrapper div.panel.panel-car-for-sale-form div.panel-body.container form.form-inline div.search-type:nth-child(2) > label.search-type-all.active]
2023-12-21 15:12:39 INFO  BuyPages :66 - select Make [[ChromeDriver: chrome on windows (b1cd5a33cfbe661299734f221c2f690a)] -> id: makes]
2023-12-21 15:12:908 INFO  BuyPages :71 - select Model [[ChromeDriver: chrome on windows (b1cd5a33cfbe661299734f221c2f690a)] -> id: models]
2023-12-21 15:12:309 INFO  BuyPages :76 - select Location [[ChromeDriver: chrome on windows (b1cd5a33cfbe661299734f221c2f690a)] -> xpath: /html[1]/body[1]/div[6]/div[1]/div[1]/div[1]/div[1]/div[1]/div[1]/div[1]/form[1]/div[5]/select[1]]
2023-12-21 15:12:893 INFO  BuyPages :48 - Mouse hoover Buy +Sell[[ChromeDriver: chrome on windows (0794c8eed11894c3910e8b88a572676e)] -> xpath: //a[normalize-space()='buy + sell']]
2023-12-21 15:12:222 INFO  BuyPages :55 - Search car [[ChromeDriver: chrome on windows (0794c8eed11894c3910e8b88a572676e)] -> xpath: //a[contains(text(),'Search Cars')]]
2023-12-21 15:12:808 INFO  BuyPages :61 - New And Used Car[[ChromeDriver: chrome on windows (0794c8eed11894c3910e8b88a572676e)] -> css selector: body.html.not-front.not-logged-in.no-sidebars.page-buy-a-car.page-buy-a-car-new-and-used-car-search.cars-for-sale.submenu-active:nth-child(2) div.content-detail.clearfix:nth-child(15) div.region.region-content:nth-child(1) div.block.block-system:nth-child(1) div.content div.cars-for-sale-form-wrapper.buy-a-car-form-wrapper div.panel.panel-car-for-sale-form div.panel-body.container form.form-inline div.search-type:nth-child(2) > label.search-type-all.active]
2023-12-21 15:12:992 INFO  BuyPages :66 - select Make [[ChromeDriver: chrome on windows (0794c8eed11894c3910e8b88a572676e)] -> id: makes]
2023-12-21 15:12:354 INFO  BuyPages :71 - select Model [[ChromeDriver: chrome on windows (0794c8eed11894c3910e8b88a572676e)] -> id: models]
2023-12-21 15:12:637 INFO  BuyPages :76 - select Location [[ChromeDriver: chrome on windows (0794c8eed11894c3910e8b88a572676e)] -> xpath: /html[1]/body[1]/div[6]/div[1]/div[1]/div[1]/div[1]/div[1]/div[1]/div[1]/form[1]/div[5]/select[1]]
2023-12-21 15:12:917 INFO  BuyPages :48 - Mouse hoover Buy +Sell[[ChromeDriver: chrome on windows (cad67989ef037909f936f0097d80a043)] -> xpath: //a[normalize-space()='buy + sell']]
2023-12-21 15:12:987 INFO  BuyPages :48 - Mouse hoover Buy +Sell[[ChromeDriver: chrome on windows (44446fab0ef2f95238d7a41f87fbc701)] -> xpath: //a[normalize-space()='buy + sell']]
2023-12-21 15:12:851 INFO  BuyPages :53 - Mouse hoover Buy +Sell[[ChromeDriver: chrome on windows (7ed285a4a00372ecb129bccb83c20965)] -> xpath: //a[normalize-space()='buy + sell']]
2023-12-21 15:12:496 INFO  BuyPages :60 - Search car [[ChromeDriver: chrome on windows (7ed285a4a00372ecb129bccb83c20965)] -> xpath: //a[contains(text(),'Search Cars')]]
2023-12-21 15:12:523 INFO  BuyPages :66 - New And Used Car[[ChromeDriver: chrome on windows (7ed285a4a00372ecb129bccb83c20965)] -> css selector: body.html.not-front.not-logged-in.no-sidebars.page-buy-a-car.page-buy-a-car-new-and-used-car-search.cars-for-sale.submenu-active:nth-child(2) div.content-detail.clearfix:nth-child(15) div.region.region-content:nth-child(1) div.block.block-system:nth-child(1) div.content div.cars-for-sale-form-wrapper.buy-a-car-form-wrapper div.panel.panel-car-for-sale-form div.panel-body.container form.form-inline div.search-type:nth-child(2) > label.search-type-all.active]
2023-12-21 15:12:818 INFO  BuyPages :71 - select Make [[ChromeDriver: chrome on windows (7ed285a4a00372ecb129bccb83c20965)] -> id: makes]
2023-12-21 15:12:364 INFO  BuyPages :76 - select Model [[ChromeDriver: chrome on windows (7ed285a4a00372ecb129bccb83c20965)] -> id: models]
2023-12-21 15:12:825 INFO  BuyPages :81 - select Location [[ChromeDriver: chrome on windows (7ed285a4a00372ecb129bccb83c20965)] -> xpath: /html[1]/body[1]/div[6]/div[1]/div[1]/div[1]/div[1]/div[1]/div[1]/div[1]/form[1]/div[5]/select[1]]
2023-12-21 15:12:125 INFO  BuyPages :53 - Mouse hoover Buy +Sell[[ChromeDriver: chrome on windows (612e69a46333d4438293ead28e93ac8e)] -> xpath: //a[normalize-space()='buy + sell']]
2023-12-21 15:12:335 INFO  BuyPages :60 - Search car [[ChromeDriver: chrome on windows (612e69a46333d4438293ead28e93ac8e)] -> xpath: //a[contains(text(),'Search Cars')]]
2023-12-21 15:12:167 INFO  BuyPages :66 - New And Used Car[[ChromeDriver: chrome on windows (612e69a46333d4438293ead28e93ac8e)] -> css selector: body.html.not-front.not-logged-in.no-sidebars.page-buy-a-car.page-buy-a-car-new-and-used-car-search.cars-for-sale.submenu-active:nth-child(2) div.content-detail.clearfix:nth-child(15) div.region.region-content:nth-child(1) div.block.block-system:nth-child(1) div.content div.cars-for-sale-form-wrapper.buy-a-car-form-wrapper div.panel.panel-car-for-sale-form div.panel-body.container form.form-inline div.search-type:nth-child(2) > label.search-type-all.active]
2023-12-21 15:12:369 INFO  BuyPages :71 - select Make [[ChromeDriver: chrome on windows (612e69a46333d4438293ead28e93ac8e)] -> id: makes]
2023-12-21 15:12:708 INFO  BuyPages :76 - select Model [[ChromeDriver: chrome on windows (612e69a46333d4438293ead28e93ac8e)] -> id: models]
2023-12-21 15:12:393 INFO  BuyPages :81 - select Location [[ChromeDriver: chrome on windows (612e69a46333d4438293ead28e93ac8e)] -> xpath: /html[1]/body[1]/div[6]/div[1]/div[1]/div[1]/div[1]/div[1]/div[1]/div[1]/form[1]/div[5]/select[1]]
2023-12-21 15:12:610 INFO  BuyPages :53 - Mouse hoover Buy +Sell[[ChromeDriver: chrome on windows (e1d227adf4c7ca229c5a968e010495be)] -> xpath: //a[normalize-space()='buy + sell']]
2023-12-21 15:12:895 INFO  BuyPages :102 - Used[[ChromeDriver: chrome on windows (e1d227adf4c7ca229c5a968e010495be)] -> xpath: //header/div[@id='u_H']/div[1]/div[1]/ul[1]/li[1]/div[1]/div[1]/div[1]/ul[1]/li[2]/a[1]]
2023-12-21 15:12:883 INFO  BuyPages :71 - select Make [[ChromeDriver: chrome on windows (e1d227adf4c7ca229c5a968e010495be)] -> id: makes]
2023-12-21 15:12:243 INFO  BuyPages :76 - select Model [[ChromeDriver: chrome on windows (e1d227adf4c7ca229c5a968e010495be)] -> id: models]
2023-12-21 15:12:795 INFO  BuyPages :81 - select Location [[ChromeDriver: chrome on windows (e1d227adf4c7ca229c5a968e010495be)] -> xpath: /html[1]/body[1]/div[6]/div[1]/div[1]/div[1]/div[1]/div[1]/div[1]/div[1]/form[1]/div[5]/select[1]]
2023-12-21 15:12:04 INFO  BuyPages :53 - Mouse hoover Buy +Sell[[ChromeDriver: chrome on windows (24d7c4befbdbaa3504c51cb0414d62a5)] -> xpath: //a[normalize-space()='buy + sell']]
2023-12-21 15:12:319 INFO  BuyPages :102 - Used[[ChromeDriver: chrome on windows (24d7c4befbdbaa3504c51cb0414d62a5)] -> xpath: //header/div[@id='u_H']/div[1]/div[1]/ul[1]/li[1]/div[1]/div[1]/div[1]/ul[1]/li[2]/a[1]]
2023-12-21 15:12:224 INFO  BuyPages :71 - select Make [[ChromeDriver: chrome on windows (24d7c4befbdbaa3504c51cb0414d62a5)] -> id: makes]
2023-12-21 15:12:762 INFO  BuyPages :76 - select Model [[ChromeDriver: chrome on windows (24d7c4befbdbaa3504c51cb0414d62a5)] -> id: models]
2023-12-21 15:12:591 INFO  BuyPages :81 - select Location [[ChromeDriver: chrome on windows (24d7c4befbdbaa3504c51cb0414d62a5)] -> xpath: /html[1]/body[1]/div[6]/div[1]/div[1]/div[1]/div[1]/div[1]/div[1]/div[1]/form[1]/div[5]/select[1]]
2023-12-21 15:12:919 INFO  BuyPages :53 - Mouse hoover Buy +Sell[[ChromeDriver: chrome on windows (8d97d986c5e4e8d238d6063d3a7be292)] -> xpath: //a[normalize-space()='buy + sell']]
2023-12-21 15:12:58 INFO  BuyPages :60 - Search car [[ChromeDriver: chrome on windows (8d97d986c5e4e8d238d6063d3a7be292)] -> xpath: //a[contains(text(),'Search Cars')]]
2023-12-21 15:12:356 INFO  BuyPages :66 - New And Used Car[[ChromeDriver: chrome on windows (8d97d986c5e4e8d238d6063d3a7be292)] -> css selector: body.html.not-front.not-logged-in.no-sidebars.page-buy-a-car.page-buy-a-car-new-and-used-car-search.cars-for-sale.submenu-active:nth-child(2) div.content-detail.clearfix:nth-child(15) div.region.region-content:nth-child(1) div.block.block-system:nth-child(1) div.content div.cars-for-sale-form-wrapper.buy-a-car-form-wrapper div.panel.panel-car-for-sale-form div.panel-body.container form.form-inline div.search-type:nth-child(2) > label.search-type-all.active]
2023-12-21 15:12:555 INFO  BuyPages :71 - select Make [[ChromeDriver: chrome on windows (8d97d986c5e4e8d238d6063d3a7be292)] -> id: makes]
2023-12-21 15:12:107 INFO  BuyPages :76 - select Model [[ChromeDriver: chrome on windows (8d97d986c5e4e8d238d6063d3a7be292)] -> id: models]
2023-12-21 15:12:996 INFO  BuyPages :88 - select Price[[ChromeDriver: chrome on windows (8d97d986c5e4e8d238d6063d3a7be292)] -> xpath: /html[1]/body[1]/div[6]/div[1]/div[1]/div[1]/div[1]/div[1]/div[1]/div[1]/form[1]/div[6]/select[1]]
2023-12-21 15:12:42 INFO  BuyPages :92 - Find my next car[[ChromeDriver: chrome on windows (8d97d986c5e4e8d238d6063d3a7be292)] -> xpath: /html[1]/body[1]/div[6]/div[1]/div[1]/div[1]/div[1]/div[1]/div[1]/div[1]/form[1]/div[6]/select[1]]
2023-12-21 15:12:543 INFO  BuyPages :98 - Verify the Make Audi
2023-12-21 15:12:12 INFO  BuyPages :53 - Mouse hoover Buy +Sell[[ChromeDriver: chrome on windows (e58ac5a3b8180926fa176a7cfdface43)] -> xpath: //a[normalize-space()='buy + sell']]
2023-12-21 15:12:252 INFO  BuyPages :60 - Search car [[ChromeDriver: chrome on windows (e58ac5a3b8180926fa176a7cfdface43)] -> xpath: //a[contains(text(),'Search Cars')]]
2023-12-21 15:12:809 INFO  BuyPages :66 - New And Used Car[[ChromeDriver: chrome on windows (e58ac5a3b8180926fa176a7cfdface43)] -> css selector: body.html.not-front.not-logged-in.no-sidebars.page-buy-a-car.page-buy-a-car-new-and-used-car-search.cars-for-sale.submenu-active:nth-child(2) div.content-detail.clearfix:nth-child(15) div.region.region-content:nth-child(1) div.block.block-system:nth-child(1) div.content div.cars-for-sale-form-wrapper.buy-a-car-form-wrapper div.panel.panel-car-for-sale-form div.panel-body.container form.form-inline div.search-type:nth-child(2) > label.search-type-all.active]
2023-12-21 15:12:67 INFO  BuyPages :71 - select Make [[ChromeDriver: chrome on windows (e58ac5a3b8180926fa176a7cfdface43)] -> id: makes]
2023-12-21 15:12:464 INFO  BuyPages :76 - select Model [[ChromeDriver: chrome on windows (e58ac5a3b8180926fa176a7cfdface43)] -> id: models]
2023-12-21 15:12:77 INFO  BuyPages :88 - select Price[[ChromeDriver: chrome on windows (e58ac5a3b8180926fa176a7cfdface43)] -> xpath: /html[1]/body[1]/div[6]/div[1]/div[1]/div[1]/div[1]/div[1]/div[1]/div[1]/form[1]/div[6]/select[1]]
2023-12-21 15:12:117 INFO  BuyPages :92 - Find my next car[[ChromeDriver: chrome on windows (e58ac5a3b8180926fa176a7cfdface43)] -> xpath: /html[1]/body[1]/div[6]/div[1]/div[1]/div[1]/div[1]/div[1]/div[1]/div[1]/form[1]/div[6]/select[1]]
2023-12-21 15:12:469 INFO  BuyPages :98 - Verify the Make BMW
2023-12-21 15:12:954 INFO  BuyPages :53 - Mouse hoover Buy +Sell[[ChromeDriver: chrome on windows (2d0540b1c51f9a6a7ea94414a5c26b0b)] -> xpath: //a[normalize-space()='buy + sell']]
2023-12-21 15:12:268 INFO  BuyPages :102 - Used[[ChromeDriver: chrome on windows (2d0540b1c51f9a6a7ea94414a5c26b0b)] -> xpath: //header/div[@id='u_H']/div[1]/div[1]/ul[1]/li[1]/div[1]/div[1]/div[1]/ul[1]/li[2]/a[1]]
2023-12-21 15:12:407 INFO  BuyPages :71 - select Make [[ChromeDriver: chrome on windows (2d0540b1c51f9a6a7ea94414a5c26b0b)] -> id: makes]
2023-12-21 15:12:80 INFO  BuyPages :76 - select Model [[ChromeDriver: chrome on windows (2d0540b1c51f9a6a7ea94414a5c26b0b)] -> id: models]
2023-12-21 15:12:860 INFO  BuyPages :88 - select Price[[ChromeDriver: chrome on windows (2d0540b1c51f9a6a7ea94414a5c26b0b)] -> xpath: /html[1]/body[1]/div[6]/div[1]/div[1]/div[1]/div[1]/div[1]/div[1]/div[1]/form[1]/div[6]/select[1]]
2023-12-21 15:12:910 INFO  BuyPages :92 - Find my next car[[ChromeDriver: chrome on windows (2d0540b1c51f9a6a7ea94414a5c26b0b)] -> xpath: /html[1]/body[1]/div[6]/div[1]/div[1]/div[1]/div[1]/div[1]/div[1]/div[1]/form[1]/div[6]/select[1]]
2023-12-21 15:12:615 INFO  BuyPages :98 - Verify the Make Audi
2023-12-21 15:12:712 INFO  BuyPages :53 - Mouse hoover Buy +Sell[[ChromeDriver: chrome on windows (b535693a6cc07f59fd3e9da1f82759cd)] -> xpath: //a[normalize-space()='buy + sell']]
2023-12-21 15:12:05 INFO  BuyPages :102 - Used[[ChromeDriver: chrome on windows (b535693a6cc07f59fd3e9da1f82759cd)] -> xpath: //header/div[@id='u_H']/div[1]/div[1]/ul[1]/li[1]/div[1]/div[1]/div[1]/ul[1]/li[2]/a[1]]
2023-12-21 15:12:408 INFO  BuyPages :71 - select Make [[ChromeDriver: chrome on windows (b535693a6cc07f59fd3e9da1f82759cd)] -> id: makes]
2023-12-21 15:12:558 INFO  BuyPages :76 - select Model [[ChromeDriver: chrome on windows (b535693a6cc07f59fd3e9da1f82759cd)] -> id: models]
2023-12-21 15:12:21 INFO  BuyPages :88 - select Price[[ChromeDriver: chrome on windows (b535693a6cc07f59fd3e9da1f82759cd)] -> xpath: /html[1]/body[1]/div[6]/div[1]/div[1]/div[1]/div[1]/div[1]/div[1]/div[1]/form[1]/div[6]/select[1]]
2023-12-21 15:12:38 INFO  BuyPages :92 - Find my next car[[ChromeDriver: chrome on windows (b535693a6cc07f59fd3e9da1f82759cd)] -> xpath: /html[1]/body[1]/div[6]/div[1]/div[1]/div[1]/div[1]/div[1]/div[1]/div[1]/form[1]/div[6]/select[1]]
2023-12-21 15:12:672 INFO  BuyPages :98 - Verify the Make BMW
2023-12-21 16:12:833 INFO  BuyPages :53 - Mouse hoover Buy +Sell[[ChromeDriver: chrome on windows (6e5f0c60ec181c1d444f76016a0c9af3)] -> xpath: //a[normalize-space()='buy + sell']]
2023-12-21 16:12:157 INFO  BuyPages :60 - Search car [[ChromeDriver: chrome on windows (6e5f0c60ec181c1d444f76016a0c9af3)] -> xpath: //a[contains(text(),'Search Cars')]]
2023-12-21 16:12:342 INFO  BuyPages :66 - New And Used Car[[ChromeDriver: chrome on windows (6e5f0c60ec181c1d444f76016a0c9af3)] -> css selector: body.html.not-front.not-logged-in.no-sidebars.page-buy-a-car.page-buy-a-car-new-and-used-car-search.cars-for-sale.submenu-active:nth-child(2) div.content-detail.clearfix:nth-child(15) div.region.region-content:nth-child(1) div.block.block-system:nth-child(1) div.content div.cars-for-sale-form-wrapper.buy-a-car-form-wrapper div.panel.panel-car-for-sale-form div.panel-body.container form.form-inline div.search-type:nth-child(2) > label.search-type-all.active]
2023-12-21 16:12:426 INFO  BuyPages :71 - select Make [[ChromeDriver: chrome on windows (6e5f0c60ec181c1d444f76016a0c9af3)] -> id: makes]
2023-12-21 16:12:174 INFO  BuyPages :76 - select Model [[ChromeDriver: chrome on windows (6e5f0c60ec181c1d444f76016a0c9af3)] -> id: models]
2023-12-21 16:12:224 INFO  BuyPages :88 - select Price[[ChromeDriver: chrome on windows (6e5f0c60ec181c1d444f76016a0c9af3)] -> xpath: /html[1]/body[1]/div[6]/div[1]/div[1]/div[1]/div[1]/div[1]/div[1]/div[1]/form[1]/div[6]/select[1]]
2023-12-21 16:12:249 INFO  BuyPages :92 - Find my next car[[ChromeDriver: chrome on windows (6e5f0c60ec181c1d444f76016a0c9af3)] -> xpath: /html[1]/body[1]/div[6]/div[1]/div[1]/div[1]/div[1]/div[1]/div[1]/div[1]/form[1]/div[6]/select[1]]
2023-12-21 16:12:334 INFO  BuyPages :53 - Mouse hoover Buy +Sell[[ChromeDriver: chrome on windows (c5d2bef6bcbaaa338248bc0bf30beade)] -> xpath: //a[normalize-space()='buy + sell']]
2023-12-21 16:12:542 INFO  BuyPages :60 - Search car [[ChromeDriver: chrome on windows (c5d2bef6bcbaaa338248bc0bf30beade)] -> xpath: //a[contains(text(),'Search Cars')]]
2023-12-21 16:12:939 INFO  BuyPages :66 - New And Used Car[[ChromeDriver: chrome on windows (c5d2bef6bcbaaa338248bc0bf30beade)] -> css selector: body.html.not-front.not-logged-in.no-sidebars.page-buy-a-car.page-buy-a-car-new-and-used-car-search.cars-for-sale.submenu-active:nth-child(2) div.content-detail.clearfix:nth-child(15) div.region.region-content:nth-child(1) div.block.block-system:nth-child(1) div.content div.cars-for-sale-form-wrapper.buy-a-car-form-wrapper div.panel.panel-car-for-sale-form div.panel-body.container form.form-inline div.search-type:nth-child(2) > label.search-type-all.active]
2023-12-21 16:12:12 INFO  BuyPages :71 - select Make [[ChromeDriver: chrome on windows (c5d2bef6bcbaaa338248bc0bf30beade)] -> id: makes]
2023-12-21 16:12:226 INFO  BuyPages :76 - select Model [[ChromeDriver: chrome on windows (c5d2bef6bcbaaa338248bc0bf30beade)] -> id: models]
2023-12-21 16:12:485 INFO  BuyPages :88 - select Price[[ChromeDriver: chrome on windows (c5d2bef6bcbaaa338248bc0bf30beade)] -> xpath: /html[1]/body[1]/div[6]/div[1]/div[1]/div[1]/div[1]/div[1]/div[1]/div[1]/form[1]/div[6]/select[1]]
2023-12-21 16:12:504 INFO  BuyPages :92 - Find my next car[[ChromeDriver: chrome on windows (c5d2bef6bcbaaa338248bc0bf30beade)] -> xpath: /html[1]/body[1]/div[6]/div[1]/div[1]/div[1]/div[1]/div[1]/div[1]/div[1]/form[1]/div[6]/select[1]]
2023-12-21 16:12:175 INFO  BuyPages :53 - Mouse hoover Buy +Sell[[ChromeDriver: chrome on windows (e5f7544cfd0e28beafef3803d02ca745)] -> xpath: //a[normalize-space()='buy + sell']]
2023-12-21 16:12:476 INFO  BuyPages :102 - Used[[ChromeDriver: chrome on windows (e5f7544cfd0e28beafef3803d02ca745)] -> xpath: //header/div[@id='u_H']/div[1]/div[1]/ul[1]/li[1]/div[1]/div[1]/div[1]/ul[1]/li[2]/a[1]]
2023-12-21 16:12:891 INFO  BuyPages :71 - select Make [[ChromeDriver: chrome on windows (e5f7544cfd0e28beafef3803d02ca745)] -> id: makes]
2023-12-21 16:12:63 INFO  BuyPages :76 - select Model [[ChromeDriver: chrome on windows (e5f7544cfd0e28beafef3803d02ca745)] -> id: models]
2023-12-21 16:12:713 INFO  BuyPages :88 - select Price[[ChromeDriver: chrome on windows (e5f7544cfd0e28beafef3803d02ca745)] -> xpath: /html[1]/body[1]/div[6]/div[1]/div[1]/div[1]/div[1]/div[1]/div[1]/div[1]/form[1]/div[6]/select[1]]
2023-12-21 16:12:732 INFO  BuyPages :92 - Find my next car[[ChromeDriver: chrome on windows (e5f7544cfd0e28beafef3803d02ca745)] -> xpath: /html[1]/body[1]/div[6]/div[1]/div[1]/div[1]/div[1]/div[1]/div[1]/div[1]/form[1]/div[6]/select[1]]
2023-12-21 16:12:73 INFO  BuyPages :53 - Mouse hoover Buy +Sell[[ChromeDriver: chrome on windows (b5799776c1686c3069c0f1a469accb39)] -> xpath: //a[normalize-space()='buy + sell']]
2023-12-21 16:12:270 INFO  BuyPages :102 - Used[[ChromeDriver: chrome on windows (b5799776c1686c3069c0f1a469accb39)] -> xpath: //header/div[@id='u_H']/div[1]/div[1]/ul[1]/li[1]/div[1]/div[1]/div[1]/ul[1]/li[2]/a[1]]
2023-12-21 16:12:272 INFO  BuyPages :71 - select Make [[ChromeDriver: chrome on windows (b5799776c1686c3069c0f1a469accb39)] -> id: makes]
2023-12-21 16:12:411 INFO  BuyPages :76 - select Model [[ChromeDriver: chrome on windows (b5799776c1686c3069c0f1a469accb39)] -> id: models]
2023-12-21 16:12:577 INFO  BuyPages :88 - select Price[[ChromeDriver: chrome on windows (b5799776c1686c3069c0f1a469accb39)] -> xpath: /html[1]/body[1]/div[6]/div[1]/div[1]/div[1]/div[1]/div[1]/div[1]/div[1]/form[1]/div[6]/select[1]]
2023-12-21 16:12:609 INFO  BuyPages :92 - Find my next car[[ChromeDriver: chrome on windows (b5799776c1686c3069c0f1a469accb39)] -> xpath: /html[1]/body[1]/div[6]/div[1]/div[1]/div[1]/div[1]/div[1]/div[1]/div[1]/form[1]/div[6]/select[1]]
2023-12-21 16:12:353 INFO  BuyPages :53 - Mouse hoover Buy +Sell[[ChromeDriver: chrome on windows (ce5a0075a0c5ca0bcad854226a57563c)] -> xpath: //a[normalize-space()='buy + sell']]
2023-12-21 16:12:307 INFO  BuyPages :60 - Search car [[ChromeDriver: chrome on windows (ce5a0075a0c5ca0bcad854226a57563c)] -> xpath: //a[contains(text(),'Search Cars')]]
2023-12-21 16:12:595 INFO  BuyPages :66 - New And Used Car[[ChromeDriver: chrome on windows (ce5a0075a0c5ca0bcad854226a57563c)] -> css selector: body.html.not-front.not-logged-in.no-sidebars.page-buy-a-car.page-buy-a-car-new-and-used-car-search.cars-for-sale.submenu-active:nth-child(2) div.content-detail.clearfix:nth-child(15) div.region.region-content:nth-child(1) div.block.block-system:nth-child(1) div.content div.cars-for-sale-form-wrapper.buy-a-car-form-wrapper div.panel.panel-car-for-sale-form div.panel-body.container form.form-inline div.search-type:nth-child(2) > label.search-type-all.active]
2023-12-21 16:12:789 INFO  BuyPages :71 - select Make [[ChromeDriver: chrome on windows (ce5a0075a0c5ca0bcad854226a57563c)] -> id: makes]
2023-12-21 16:12:979 INFO  BuyPages :76 - select Model [[ChromeDriver: chrome on windows (ce5a0075a0c5ca0bcad854226a57563c)] -> id: models]
2023-12-21 16:12:345 INFO  BuyPages :88 - select Price[[ChromeDriver: chrome on windows (ce5a0075a0c5ca0bcad854226a57563c)] -> xpath: /html[1]/body[1]/div[6]/div[1]/div[1]/div[1]/div[1]/div[1]/div[1]/div[1]/form[1]/div[6]/select[1]]
2023-12-21 16:12:432 INFO  BuyPages :92 - Find my next car[[ChromeDriver: chrome on windows (ce5a0075a0c5ca0bcad854226a57563c)] -> xpath: /html[1]/body[1]/div[6]/div[1]/div[1]/div[1]/div[1]/div[1]/div[1]/div[1]/form[1]/div[6]/select[1]]
2023-12-21 16:12:545 INFO  BuyPages :53 - Mouse hoover Buy +Sell[[ChromeDriver: chrome on windows (cf67845a4eaf07f8a9c977ca9619bb2b)] -> xpath: //a[normalize-space()='buy + sell']]
2023-12-21 16:12:250 INFO  BuyPages :60 - Search car [[ChromeDriver: chrome on windows (cf67845a4eaf07f8a9c977ca9619bb2b)] -> xpath: //a[contains(text(),'Search Cars')]]
2023-12-21 16:12:358 INFO  BuyPages :66 - New And Used Car[[ChromeDriver: chrome on windows (cf67845a4eaf07f8a9c977ca9619bb2b)] -> css selector: body.html.not-front.not-logged-in.no-sidebars.page-buy-a-car.page-buy-a-car-new-and-used-car-search.cars-for-sale.submenu-active:nth-child(2) div.content-detail.clearfix:nth-child(15) div.region.region-content:nth-child(1) div.block.block-system:nth-child(1) div.content div.cars-for-sale-form-wrapper.buy-a-car-form-wrapper div.panel.panel-car-for-sale-form div.panel-body.container form.form-inline div.search-type:nth-child(2) > label.search-type-all.active]
2023-12-21 16:12:462 INFO  BuyPages :71 - select Make [[ChromeDriver: chrome on windows (cf67845a4eaf07f8a9c977ca9619bb2b)] -> id: makes]
2023-12-21 16:12:656 INFO  BuyPages :76 - select Model [[ChromeDriver: chrome on windows (cf67845a4eaf07f8a9c977ca9619bb2b)] -> id: models]
2023-12-21 16:12:788 INFO  BuyPages :88 - select Price[[ChromeDriver: chrome on windows (cf67845a4eaf07f8a9c977ca9619bb2b)] -> xpath: /html[1]/body[1]/div[6]/div[1]/div[1]/div[1]/div[1]/div[1]/div[1]/div[1]/form[1]/div[6]/select[1]]
2023-12-21 16:12:839 INFO  BuyPages :92 - Find my next car[[ChromeDriver: chrome on windows (cf67845a4eaf07f8a9c977ca9619bb2b)] -> xpath: /html[1]/body[1]/div[6]/div[1]/div[1]/div[1]/div[1]/div[1]/div[1]/div[1]/form[1]/div[6]/select[1]]
2023-12-21 16:12:590 INFO  BuyPages :53 - Mouse hoover Buy +Sell[[ChromeDriver: chrome on windows (7c0298f98a9d4ebc783fe81dccfbd996)] -> xpath: //a[normalize-space()='buy + sell']]
2023-12-21 16:12:870 INFO  BuyPages :102 - Used[[ChromeDriver: chrome on windows (7c0298f98a9d4ebc783fe81dccfbd996)] -> xpath: //header/div[@id='u_H']/div[1]/div[1]/ul[1]/li[1]/div[1]/div[1]/div[1]/ul[1]/li[2]/a[1]]
2023-12-21 16:12:422 INFO  BuyPages :71 - select Make [[ChromeDriver: chrome on windows (7c0298f98a9d4ebc783fe81dccfbd996)] -> id: makes]
2023-12-21 16:12:961 INFO  BuyPages :76 - select Model [[ChromeDriver: chrome on windows (7c0298f98a9d4ebc783fe81dccfbd996)] -> id: models]
2023-12-21 16:12:425 INFO  BuyPages :88 - select Price[[ChromeDriver: chrome on windows (7c0298f98a9d4ebc783fe81dccfbd996)] -> xpath: /html[1]/body[1]/div[6]/div[1]/div[1]/div[1]/div[1]/div[1]/div[1]/div[1]/form[1]/div[6]/select[1]]
2023-12-21 16:12:462 INFO  BuyPages :92 - Find my next car[[ChromeDriver: chrome on windows (7c0298f98a9d4ebc783fe81dccfbd996)] -> xpath: /html[1]/body[1]/div[6]/div[1]/div[1]/div[1]/div[1]/div[1]/div[1]/div[1]/form[1]/div[6]/select[1]]
2023-12-21 16:12:864 INFO  BuyPages :53 - Mouse hoover Buy +Sell[[ChromeDriver: chrome on windows (6753e38b7ab3805913d3467ef48ed61f)] -> xpath: //a[normalize-space()='buy + sell']]
2023-12-21 16:12:159 INFO  BuyPages :102 - Used[[ChromeDriver: chrome on windows (6753e38b7ab3805913d3467ef48ed61f)] -> xpath: //header/div[@id='u_H']/div[1]/div[1]/ul[1]/li[1]/div[1]/div[1]/div[1]/ul[1]/li[2]/a[1]]
2023-12-21 16:12:986 INFO  BuyPages :71 - select Make [[ChromeDriver: chrome on windows (6753e38b7ab3805913d3467ef48ed61f)] -> id: makes]
2023-12-21 16:12:907 INFO  BuyPages :76 - select Model [[ChromeDriver: chrome on windows (6753e38b7ab3805913d3467ef48ed61f)] -> id: models]
2023-12-21 16:12:436 INFO  BuyPages :88 - select Price[[ChromeDriver: chrome on windows (6753e38b7ab3805913d3467ef48ed61f)] -> xpath: /html[1]/body[1]/div[6]/div[1]/div[1]/div[1]/div[1]/div[1]/div[1]/div[1]/form[1]/div[6]/select[1]]
2023-12-21 16:12:467 INFO  BuyPages :92 - Find my next car[[ChromeDriver: chrome on windows (6753e38b7ab3805913d3467ef48ed61f)] -> xpath: /html[1]/body[1]/div[6]/div[1]/div[1]/div[1]/div[1]/div[1]/div[1]/div[1]/form[1]/div[6]/select[1]]
2023-12-21 16:12:371 INFO  BuyPages :53 - Mouse hoover Buy +Sell[[ChromeDriver: chrome on windows (0c4f2179730c7420ff9a7086c343a1c8)] -> xpath: //a[normalize-space()='buy + sell']]
2023-12-21 16:12:913 INFO  FindDealersPage :24 - Find Dealer[[ChromeDriver: chrome on windows (0c4f2179730c7420ff9a7086c343a1c8)] -> xpath: //a[contains(text(),'Find a Dealer')]]
2023-12-21 16:12:588 INFO  BuyPages :53 - Mouse hoover Buy +Sell[[ChromeDriver: chrome on windows (588e4c9c18f59bd3146dadc5b8238b10)] -> xpath: //a[normalize-space()='buy + sell']]
2023-12-21 16:12:501 INFO  FindDealersPage :24 - Find Dealer[[ChromeDriver: chrome on windows (588e4c9c18f59bd3146dadc5b8238b10)] -> xpath: //a[contains(text(),'Find a Dealer')]]
2023-12-21 17:12:222 INFO  BuyPages :53 - Mouse hoover Buy +Sell[[ChromeDriver: chrome on windows (4c9ca0f78d84330873c76fb5110bfe2b)] -> xpath: //a[normalize-space()='buy + sell']]
2023-12-21 17:12:734 INFO  FindDealersPage :39 - Find Dealer[[ChromeDriver: chrome on windows (4c9ca0f78d84330873c76fb5110bfe2b)] -> xpath: //a[contains(text(),'Find a Dealer')]]
2023-12-21 17:12:973 INFO  BuyPages :53 - Mouse hoover Buy +Sell[[ChromeDriver: chrome on windows (81e67cc53e78f9f2da3d90a00c3e43c3)] -> xpath: //a[normalize-space()='buy + sell']]
2023-12-21 17:12:595 INFO  FindDealersPage :39 - Find Dealer[[ChromeDriver: chrome on windows (81e67cc53e78f9f2da3d90a00c3e43c3)] -> xpath: //a[contains(text(),'Find a Dealer')]]
2023-12-21 17:12:80 INFO  BuyPages :53 - Mouse hoover Buy +Sell[[ChromeDriver: chrome on windows (a563f3d5b7e4f14ce3ccff78acf2313b)] -> xpath: //a[normalize-space()='buy + sell']]
2023-12-21 17:12:281 INFO  FindDealersPage :39 - Find Dealer[[ChromeDriver: chrome on windows (a563f3d5b7e4f14ce3ccff78acf2313b)] -> xpath: //a[contains(text(),'Find a Dealer')]]
2023-12-21 17:12:607 INFO  BuyPages :53 - Mouse hoover Buy +Sell[[ChromeDriver: chrome on windows (7d526173e9ffd313883782df1a6fce3a)] -> xpath: //a[normalize-space()='buy + sell']]
2023-12-21 17:12:293 INFO  FindDealersPage :39 - Find Dealer[[ChromeDriver: chrome on windows (7d526173e9ffd313883782df1a6fce3a)] -> xpath: //a[contains(text(),'Find a Dealer')]]
2023-12-21 17:12:260 INFO  BuyPages :53 - Mouse hoover Buy +Sell[[ChromeDriver: chrome on windows (28fa3cd0edb73a7cffe293e0c717c8dd)] -> xpath: //a[normalize-space()='buy + sell']]
2023-12-21 17:12:483 INFO  FindDealersPage :39 - Find Dealer[[ChromeDriver: chrome on windows (28fa3cd0edb73a7cffe293e0c717c8dd)] -> xpath: //a[contains(text(),'Find a Dealer')]]
2023-12-21 17:12:217 INFO  BuyPages :53 - Mouse hoover Buy +Sell[[ChromeDriver: chrome on windows (d837762c3f5fefabc5bd39d3fa4db5fc)] -> xpath: //a[normalize-space()='buy + sell']]
2023-12-21 17:12:391 INFO  FindDealersPage :39 - Find Dealer[[ChromeDriver: chrome on windows (d837762c3f5fefabc5bd39d3fa4db5fc)] -> xpath: //a[contains(text(),'Find a Dealer')]]
2023-12-21 17:12:942 INFO  BuyPages :53 - Mouse hoover Buy +Sell[[ChromeDriver: chrome on windows (9fd3af5675626326b44fabcabd83769c)] -> xpath: //a[normalize-space()='buy + sell']]
2023-12-21 17:12:142 INFO  FindDealersPage :39 - Find Dealer[[ChromeDriver: chrome on windows (9fd3af5675626326b44fabcabd83769c)] -> xpath: //a[contains(text(),'Find a Dealer')]]
2023-12-21 17:12:82 INFO  BuyPages :53 - Mouse hoover Buy +Sell[[ChromeDriver: chrome on windows (1aa7ab833196c0b4775b05964ab9f175)] -> xpath: //a[normalize-space()='buy + sell']]
2023-12-21 17:12:112 INFO  FindDealersPage :39 - Find Dealer[[ChromeDriver: chrome on windows (1aa7ab833196c0b4775b05964ab9f175)] -> xpath: //a[contains(text(),'Find a Dealer')]]
